2023/07/09 06:08:22 [emerg] 1#1: unknown "framework" variable
2023/07/09 06:10:38 [emerg] 1#1: unknown "framework" variable
2023/07/09 06:11:56 [notice] 1#1: using the "epoll" event method
2023/07/09 06:11:56 [notice] 1#1: nginx/1.21.6
2023/07/09 06:11:56 [notice] 1#1: built by gcc 10.2.1 20210110 (Debian 10.2.1-6) 
2023/07/09 06:11:56 [notice] 1#1: OS: Linux 5.15.49-linuxkit-pr
2023/07/09 06:11:56 [notice] 1#1: getrlimit(RLIMIT_NOFILE): 1048576:1048576
2023/07/09 06:11:56 [notice] 1#1: start worker processes
2023/07/09 06:11:56 [notice] 1#1: start worker process 30
2023/07/09 06:11:56 [notice] 1#1: start worker process 31
2023/07/09 06:11:56 [notice] 1#1: start worker process 32
2023/07/09 06:11:56 [notice] 1#1: start worker process 33
2023/07/09 06:12:05 [notice] 1#1: signal 3 (SIGQUIT) received, shutting down
2023/07/09 06:12:05 [notice] 33#33: gracefully shutting down
2023/07/09 06:12:05 [notice] 30#30: gracefully shutting down
2023/07/09 06:12:05 [notice] 30#30: exiting
2023/07/09 06:12:05 [notice] 31#31: gracefully shutting down
2023/07/09 06:12:05 [notice] 31#31: exiting
2023/07/09 06:12:05 [notice] 32#32: gracefully shutting down
2023/07/09 06:12:05 [notice] 33#33: exiting
2023/07/09 06:12:05 [notice] 30#30: exit
2023/07/09 06:12:05 [notice] 31#31: exit
2023/07/09 06:12:05 [notice] 32#32: exiting
2023/07/09 06:12:05 [notice] 33#33: exit
2023/07/09 06:12:05 [notice] 32#32: exit
2023/07/09 06:12:05 [notice] 1#1: signal 17 (SIGCHLD) received from 30
2023/07/09 06:12:05 [notice] 1#1: worker process 30 exited with code 0
2023/07/09 06:12:05 [notice] 1#1: signal 29 (SIGIO) received
2023/07/09 06:12:05 [notice] 1#1: signal 17 (SIGCHLD) received from 31
2023/07/09 06:12:05 [notice] 1#1: worker process 31 exited with code 0
2023/07/09 06:12:05 [notice] 1#1: signal 29 (SIGIO) received
2023/07/09 06:12:05 [notice] 1#1: signal 17 (SIGCHLD) received from 33
2023/07/09 06:12:05 [notice] 1#1: worker process 33 exited with code 0
2023/07/09 06:12:05 [notice] 1#1: worker process 32 exited with code 0
2023/07/09 06:12:05 [notice] 1#1: exit
2023/07/09 06:12:26 [notice] 1#1: using the "epoll" event method
2023/07/09 06:12:26 [notice] 1#1: nginx/1.21.6
2023/07/09 06:12:26 [notice] 1#1: built by gcc 10.2.1 20210110 (Debian 10.2.1-6) 
2023/07/09 06:12:26 [notice] 1#1: OS: Linux 5.15.49-linuxkit-pr
2023/07/09 06:12:26 [notice] 1#1: getrlimit(RLIMIT_NOFILE): 1048576:1048576
2023/07/09 06:12:26 [notice] 1#1: start worker processes
2023/07/09 06:12:26 [notice] 1#1: start worker process 30
2023/07/09 06:12:26 [notice] 1#1: start worker process 31
2023/07/09 06:12:26 [notice] 1#1: start worker process 32
2023/07/09 06:12:26 [notice] 1#1: start worker process 33
2023/07/09 06:12:32 [error] 30#30: *1 FastCGI sent in stderr: "Primary script unknown" while reading response header from upstream, client: 192.168.176.1, server: _, request: "GET /phpinfo.php HTTP/1.1", upstream: "fastcgi://192.168.176.7:9000", host: "localhost:49175"
2023/07/09 06:13:34 [notice] 42#42: signal process started
2023/07/09 06:13:34 [notice] 1#1: signal 1 (SIGHUP) received from 42, reconfiguring
2023/07/09 06:13:34 [notice] 1#1: reconfiguring
2023/07/09 06:13:34 [notice] 1#1: using the "epoll" event method
2023/07/09 06:13:34 [notice] 1#1: start worker processes
2023/07/09 06:13:34 [notice] 1#1: start worker process 43
2023/07/09 06:13:34 [notice] 1#1: start worker process 44
2023/07/09 06:13:34 [notice] 1#1: start worker process 45
2023/07/09 06:13:34 [notice] 1#1: start worker process 46
2023/07/09 06:13:34 [notice] 33#33: gracefully shutting down
2023/07/09 06:13:34 [notice] 33#33: exiting
2023/07/09 06:13:34 [notice] 31#31: gracefully shutting down
2023/07/09 06:13:34 [notice] 32#32: gracefully shutting down
2023/07/09 06:13:34 [notice] 32#32: exiting
2023/07/09 06:13:34 [notice] 30#30: gracefully shutting down
2023/07/09 06:13:34 [notice] 33#33: exit
2023/07/09 06:13:34 [notice] 31#31: exiting
2023/07/09 06:13:34 [notice] 31#31: exit
2023/07/09 06:13:34 [notice] 32#32: exit
2023/07/09 06:13:34 [notice] 30#30: exiting
2023/07/09 06:13:34 [notice] 30#30: exit
2023/07/09 06:13:34 [notice] 1#1: signal 17 (SIGCHLD) received from 31
2023/07/09 06:13:34 [notice] 1#1: worker process 31 exited with code 0
2023/07/09 06:13:34 [notice] 1#1: worker process 32 exited with code 0
2023/07/09 06:13:34 [notice] 1#1: worker process 33 exited with code 0
2023/07/09 06:13:34 [notice] 1#1: signal 29 (SIGIO) received
2023/07/09 06:13:34 [notice] 1#1: signal 17 (SIGCHLD) received from 33
2023/07/09 06:13:34 [notice] 1#1: worker process 30 exited with code 0
2023/07/09 06:13:35 [notice] 1#1: signal 29 (SIGIO) received
2023/07/09 06:13:35 [notice] 1#1: signal 17 (SIGCHLD) received from 30
2023/07/09 06:17:41 [notice] 1#1: signal 3 (SIGQUIT) received, shutting down
2023/07/09 06:17:41 [notice] 44#44: gracefully shutting down
2023/07/09 06:17:41 [notice] 44#44: exiting
2023/07/09 06:17:41 [notice] 46#46: gracefully shutting down
2023/07/09 06:17:41 [notice] 46#46: exiting
2023/07/09 06:17:41 [notice] 45#45: gracefully shutting down
2023/07/09 06:17:41 [notice] 45#45: exiting
2023/07/09 06:17:41 [notice] 43#43: gracefully shutting down
2023/07/09 06:17:41 [notice] 43#43: exiting
2023/07/09 06:17:41 [notice] 44#44: exit
2023/07/09 06:17:41 [notice] 46#46: exit
2023/07/09 06:17:41 [notice] 45#45: exit
2023/07/09 06:17:41 [notice] 43#43: exit
2023/07/09 06:17:41 [notice] 1#1: signal 17 (SIGCHLD) received from 44
2023/07/09 06:17:41 [notice] 1#1: worker process 44 exited with code 0
2023/07/09 06:17:41 [notice] 1#1: signal 29 (SIGIO) received
2023/07/09 06:17:41 [notice] 1#1: signal 17 (SIGCHLD) received from 46
2023/07/09 06:17:41 [notice] 1#1: worker process 43 exited with code 0
2023/07/09 06:17:41 [notice] 1#1: worker process 45 exited with code 0
2023/07/09 06:17:41 [notice] 1#1: worker process 46 exited with code 0
2023/07/09 06:17:41 [notice] 1#1: exit
2023/07/09 06:17:50 [notice] 1#1: using the "epoll" event method
2023/07/09 06:17:50 [notice] 1#1: nginx/1.21.6
2023/07/09 06:17:50 [notice] 1#1: built by gcc 10.2.1 20210110 (Debian 10.2.1-6) 
2023/07/09 06:17:50 [notice] 1#1: OS: Linux 5.15.49-linuxkit-pr
2023/07/09 06:17:50 [notice] 1#1: getrlimit(RLIMIT_NOFILE): 1048576:1048576
2023/07/09 06:17:50 [notice] 1#1: start worker processes
2023/07/09 06:17:50 [notice] 1#1: start worker process 30
2023/07/09 06:17:50 [notice] 1#1: start worker process 31
2023/07/09 06:17:50 [notice] 1#1: start worker process 32
2023/07/09 06:17:50 [notice] 1#1: start worker process 33
2023/07/09 06:29:04 [notice] 1#1: signal 3 (SIGQUIT) received, shutting down
2023/07/09 06:29:04 [notice] 33#33: gracefully shutting down
2023/07/09 06:29:04 [notice] 30#30: gracefully shutting down
2023/07/09 06:29:04 [notice] 32#32: gracefully shutting down
2023/07/09 06:29:04 [notice] 31#31: gracefully shutting down
2023/07/09 06:29:04 [notice] 33#33: exiting
2023/07/09 06:29:04 [notice] 30#30: exiting
2023/07/09 06:29:04 [notice] 32#32: exiting
2023/07/09 06:29:04 [notice] 32#32: exit
2023/07/09 06:29:04 [notice] 33#33: exit
2023/07/09 06:29:04 [notice] 30#30: exit
2023/07/09 06:29:04 [notice] 31#31: exiting
2023/07/09 06:29:04 [notice] 31#31: exit
2023/07/09 06:29:05 [notice] 1#1: signal 17 (SIGCHLD) received from 33
2023/07/09 06:29:05 [notice] 1#1: worker process 33 exited with code 0
2023/07/09 06:29:05 [notice] 1#1: signal 29 (SIGIO) received
2023/07/09 06:29:05 [notice] 1#1: signal 17 (SIGCHLD) received from 32
2023/07/09 06:29:05 [notice] 1#1: worker process 30 exited with code 0
2023/07/09 06:29:05 [notice] 1#1: worker process 32 exited with code 0
2023/07/09 06:29:05 [notice] 1#1: signal 29 (SIGIO) received
2023/07/09 06:29:05 [notice] 1#1: signal 17 (SIGCHLD) received from 31
2023/07/09 06:29:05 [notice] 1#1: worker process 31 exited with code 0
2023/07/09 06:29:05 [notice] 1#1: exit
2023/07/09 06:29:14 [notice] 1#1: using the "epoll" event method
2023/07/09 06:29:14 [notice] 1#1: nginx/1.21.6
2023/07/09 06:29:14 [notice] 1#1: built by gcc 10.2.1 20210110 (Debian 10.2.1-6) 
2023/07/09 06:29:14 [notice] 1#1: OS: Linux 5.15.49-linuxkit-pr
2023/07/09 06:29:14 [notice] 1#1: getrlimit(RLIMIT_NOFILE): 1048576:1048576
2023/07/09 06:29:14 [notice] 1#1: start worker processes
2023/07/09 06:29:14 [notice] 1#1: start worker process 30
2023/07/09 06:29:14 [notice] 1#1: start worker process 31
2023/07/09 06:29:14 [notice] 1#1: start worker process 32
2023/07/09 06:29:14 [notice] 1#1: start worker process 33
2023/07/09 06:34:32 [notice] 1#1: signal 3 (SIGQUIT) received, shutting down
2023/07/09 06:34:32 [notice] 32#32: gracefully shutting down
2023/07/09 06:34:32 [notice] 32#32: exiting
2023/07/09 06:34:32 [notice] 33#33: gracefully shutting down
2023/07/09 06:34:32 [notice] 33#33: exiting
2023/07/09 06:34:32 [notice] 31#31: gracefully shutting down
2023/07/09 06:34:32 [notice] 30#30: gracefully shutting down
2023/07/09 06:34:32 [notice] 32#32: exit
2023/07/09 06:34:32 [notice] 33#33: exit
2023/07/09 06:34:32 [notice] 31#31: exiting
2023/07/09 06:34:32 [notice] 30#30: exiting
2023/07/09 06:34:32 [notice] 31#31: exit
2023/07/09 06:34:32 [notice] 1#1: signal 17 (SIGCHLD) received from 32
2023/07/09 06:34:32 [notice] 30#30: exit
2023/07/09 06:34:32 [notice] 1#1: worker process 32 exited with code 0
2023/07/09 06:34:32 [notice] 1#1: worker process 33 exited with code 0
2023/07/09 06:34:32 [notice] 1#1: signal 29 (SIGIO) received
2023/07/09 06:34:32 [notice] 1#1: signal 17 (SIGCHLD) received from 33
2023/07/09 06:34:32 [notice] 1#1: signal 17 (SIGCHLD) received from 31
2023/07/09 06:34:32 [notice] 1#1: worker process 31 exited with code 0
2023/07/09 06:34:32 [notice] 1#1: signal 29 (SIGIO) received
2023/07/09 06:34:32 [notice] 1#1: signal 17 (SIGCHLD) received from 30
2023/07/09 06:34:32 [notice] 1#1: worker process 30 exited with code 0
2023/07/09 06:34:32 [notice] 1#1: exit
2023/07/09 06:35:38 [notice] 1#1: using the "epoll" event method
2023/07/09 06:35:38 [notice] 1#1: nginx/1.21.6
2023/07/09 06:35:38 [notice] 1#1: built by gcc 10.2.1 20210110 (Debian 10.2.1-6) 
2023/07/09 06:35:38 [notice] 1#1: OS: Linux 5.15.49-linuxkit-pr
2023/07/09 06:35:38 [notice] 1#1: getrlimit(RLIMIT_NOFILE): 1048576:1048576
2023/07/09 06:35:38 [notice] 1#1: start worker processes
2023/07/09 06:35:38 [notice] 1#1: start worker process 30
2023/07/09 06:35:38 [notice] 1#1: start worker process 31
2023/07/09 06:35:38 [notice] 1#1: start worker process 32
2023/07/09 06:35:38 [notice] 1#1: start worker process 33
2023/07/09 06:40:47 [notice] 1#1: signal 3 (SIGQUIT) received, shutting down
2023/07/09 06:40:47 [notice] 30#30: gracefully shutting down
2023/07/09 06:40:47 [notice] 30#30: exiting
2023/07/09 06:40:47 [notice] 31#31: gracefully shutting down
2023/07/09 06:40:47 [notice] 33#33: gracefully shutting down
2023/07/09 06:40:47 [notice] 32#32: gracefully shutting down
2023/07/09 06:40:47 [notice] 30#30: exit
2023/07/09 06:40:47 [notice] 31#31: exiting
2023/07/09 06:40:47 [notice] 33#33: exiting
2023/07/09 06:40:47 [notice] 33#33: exit
2023/07/09 06:40:47 [notice] 32#32: exiting
2023/07/09 06:40:47 [notice] 32#32: exit
2023/07/09 06:40:47 [notice] 31#31: exit
2023/07/09 06:40:47 [notice] 1#1: signal 17 (SIGCHLD) received from 30
2023/07/09 06:40:47 [notice] 1#1: worker process 30 exited with code 0
2023/07/09 06:40:47 [notice] 1#1: signal 29 (SIGIO) received
2023/07/09 06:40:47 [notice] 1#1: signal 17 (SIGCHLD) received from 33
2023/07/09 06:40:47 [notice] 1#1: worker process 33 exited with code 0
2023/07/09 06:40:47 [notice] 1#1: worker process 31 exited with code 0
2023/07/09 06:40:47 [notice] 1#1: worker process 32 exited with code 0
2023/07/09 06:40:47 [notice] 1#1: signal 17 (SIGCHLD) received from 32
2023/07/09 06:40:47 [notice] 1#1: exit
2023/07/09 06:42:07 [notice] 1#1: using the "epoll" event method
2023/07/09 06:42:07 [notice] 1#1: nginx/1.21.6
2023/07/09 06:42:07 [notice] 1#1: built by gcc 10.2.1 20210110 (Debian 10.2.1-6) 
2023/07/09 06:42:07 [notice] 1#1: OS: Linux 5.15.49-linuxkit-pr
2023/07/09 06:42:07 [notice] 1#1: getrlimit(RLIMIT_NOFILE): 1048576:1048576
2023/07/09 06:42:07 [notice] 1#1: start worker processes
2023/07/09 06:42:07 [notice] 1#1: start worker process 30
2023/07/09 06:42:07 [notice] 1#1: start worker process 31
2023/07/09 06:42:07 [notice] 1#1: start worker process 32
2023/07/09 06:42:07 [notice] 1#1: start worker process 33
