2023/07/09 04:08:48 [notice] 1#1: using the "epoll" event method
2023/07/09 04:08:48 [notice] 1#1: nginx/1.21.6
2023/07/09 04:08:48 [notice] 1#1: built by gcc 10.2.1 20210110 (Debian 10.2.1-6) 
2023/07/09 04:08:48 [notice] 1#1: OS: Linux 5.15.49-linuxkit-pr
2023/07/09 04:08:48 [notice] 1#1: getrlimit(RLIMIT_NOFILE): 1048576:1048576
2023/07/09 04:08:48 [notice] 1#1: start worker processes
2023/07/09 04:08:48 [notice] 1#1: start worker process 30
2023/07/09 04:08:48 [notice] 1#1: start worker process 31
2023/07/09 04:08:48 [notice] 1#1: start worker process 32
2023/07/09 04:08:48 [notice] 1#1: start worker process 33
2023/07/09 04:09:51 [notice] 1#1: signal 3 (SIGQUIT) received, shutting down
2023/07/09 04:09:51 [notice] 32#32: gracefully shutting down
2023/07/09 04:09:51 [notice] 32#32: exiting
2023/07/09 04:09:51 [notice] 33#33: gracefully shutting down
2023/07/09 04:09:51 [notice] 30#30: gracefully shutting down
2023/07/09 04:09:51 [notice] 31#31: gracefully shutting down
2023/07/09 04:09:51 [notice] 31#31: exiting
2023/07/09 04:09:51 [notice] 32#32: exit
2023/07/09 04:09:51 [notice] 33#33: exiting
2023/07/09 04:09:51 [notice] 30#30: exiting
2023/07/09 04:09:51 [notice] 30#30: exit
2023/07/09 04:09:51 [notice] 31#31: exit
2023/07/09 04:09:51 [notice] 33#33: exit
2023/07/09 04:09:51 [notice] 1#1: signal 17 (SIGCHLD) received from 32
2023/07/09 04:09:51 [notice] 1#1: worker process 32 exited with code 0
2023/07/09 04:09:51 [notice] 1#1: signal 29 (SIGIO) received
2023/07/09 04:09:51 [notice] 1#1: signal 17 (SIGCHLD) received from 30
2023/07/09 04:09:51 [notice] 1#1: worker process 30 exited with code 0
2023/07/09 04:09:51 [notice] 1#1: signal 29 (SIGIO) received
2023/07/09 04:09:51 [notice] 1#1: signal 17 (SIGCHLD) received from 31
2023/07/09 04:09:51 [notice] 1#1: worker process 31 exited with code 0
2023/07/09 04:09:51 [notice] 1#1: signal 29 (SIGIO) received
2023/07/09 04:09:51 [notice] 1#1: signal 17 (SIGCHLD) received from 33
2023/07/09 04:09:51 [notice] 1#1: worker process 33 exited with code 0
2023/07/09 04:09:51 [notice] 1#1: exit
2023/07/09 04:10:53 [notice] 1#1: using the "epoll" event method
2023/07/09 04:10:53 [notice] 1#1: nginx/1.21.6
2023/07/09 04:10:53 [notice] 1#1: built by gcc 10.2.1 20210110 (Debian 10.2.1-6) 
2023/07/09 04:10:53 [notice] 1#1: OS: Linux 5.15.49-linuxkit-pr
2023/07/09 04:10:53 [notice] 1#1: getrlimit(RLIMIT_NOFILE): 1048576:1048576
2023/07/09 04:10:53 [notice] 1#1: start worker processes
2023/07/09 04:10:53 [notice] 1#1: start worker process 30
2023/07/09 04:10:53 [notice] 1#1: start worker process 31
2023/07/09 04:10:53 [notice] 1#1: start worker process 32
2023/07/09 04:10:53 [notice] 1#1: start worker process 33
2023/07/09 04:12:08 [notice] 1#1: signal 3 (SIGQUIT) received, shutting down
2023/07/09 04:12:08 [notice] 30#30: gracefully shutting down
2023/07/09 04:12:08 [notice] 30#30: exiting
2023/07/09 04:12:08 [notice] 32#32: gracefully shutting down
2023/07/09 04:12:08 [notice] 32#32: exiting
2023/07/09 04:12:08 [notice] 31#31: gracefully shutting down
2023/07/09 04:12:08 [notice] 31#31: exiting
2023/07/09 04:12:08 [notice] 33#33: gracefully shutting down
2023/07/09 04:12:08 [notice] 30#30: exit
2023/07/09 04:12:08 [notice] 32#32: exit
2023/07/09 04:12:08 [notice] 31#31: exit
2023/07/09 04:12:08 [notice] 33#33: exiting
2023/07/09 04:12:08 [notice] 33#33: exit
2023/07/09 04:12:08 [notice] 1#1: signal 17 (SIGCHLD) received from 32
2023/07/09 04:12:08 [notice] 1#1: worker process 32 exited with code 0
2023/07/09 04:12:08 [notice] 1#1: signal 29 (SIGIO) received
2023/07/09 04:12:08 [notice] 1#1: signal 17 (SIGCHLD) received from 30
2023/07/09 04:12:08 [notice] 1#1: worker process 30 exited with code 0
2023/07/09 04:12:08 [notice] 1#1: signal 29 (SIGIO) received
2023/07/09 04:12:08 [notice] 1#1: signal 17 (SIGCHLD) received from 31
2023/07/09 04:12:08 [notice] 1#1: worker process 31 exited with code 0
2023/07/09 04:12:08 [notice] 1#1: signal 29 (SIGIO) received
2023/07/09 04:12:08 [notice] 1#1: signal 17 (SIGCHLD) received from 33
2023/07/09 04:12:08 [notice] 1#1: worker process 33 exited with code 0
2023/07/09 04:12:08 [notice] 1#1: exit
2023/07/09 04:13:31 [notice] 1#1: using the "epoll" event method
2023/07/09 04:13:31 [notice] 1#1: nginx/1.21.6
2023/07/09 04:13:31 [notice] 1#1: built by gcc 10.2.1 20210110 (Debian 10.2.1-6) 
2023/07/09 04:13:31 [notice] 1#1: OS: Linux 5.15.49-linuxkit-pr
2023/07/09 04:13:31 [notice] 1#1: getrlimit(RLIMIT_NOFILE): 1048576:1048576
2023/07/09 04:13:31 [notice] 1#1: start worker processes
2023/07/09 04:13:31 [notice] 1#1: start worker process 29
2023/07/09 04:13:31 [notice] 1#1: start worker process 30
2023/07/09 04:13:31 [notice] 1#1: start worker process 31
2023/07/09 04:13:31 [notice] 1#1: start worker process 32
2023/07/09 04:27:37 [notice] 1#1: signal 3 (SIGQUIT) received, shutting down
2023/07/09 04:27:37 [notice] 29#29: gracefully shutting down
2023/07/09 04:27:37 [notice] 31#31: gracefully shutting down
2023/07/09 04:27:37 [notice] 31#31: exiting
2023/07/09 04:27:37 [notice] 32#32: gracefully shutting down
2023/07/09 04:27:37 [notice] 32#32: exiting
2023/07/09 04:27:37 [notice] 30#30: gracefully shutting down
2023/07/09 04:27:37 [notice] 29#29: exiting
2023/07/09 04:27:37 [notice] 31#31: exit
2023/07/09 04:27:37 [notice] 32#32: exit
2023/07/09 04:27:37 [notice] 30#30: exiting
2023/07/09 04:27:37 [notice] 30#30: exit
2023/07/09 04:27:37 [notice] 29#29: exit
2023/07/09 04:27:37 [notice] 1#1: signal 17 (SIGCHLD) received from 31
2023/07/09 04:27:37 [notice] 1#1: worker process 31 exited with code 0
2023/07/09 04:27:37 [notice] 1#1: signal 29 (SIGIO) received
2023/07/09 04:27:37 [notice] 1#1: signal 17 (SIGCHLD) received from 30
2023/07/09 04:27:37 [notice] 1#1: worker process 30 exited with code 0
2023/07/09 04:27:37 [notice] 1#1: signal 29 (SIGIO) received
2023/07/09 04:27:37 [notice] 1#1: signal 17 (SIGCHLD) received from 32
2023/07/09 04:27:37 [notice] 1#1: worker process 29 exited with code 0
2023/07/09 04:27:37 [notice] 1#1: worker process 32 exited with code 0
2023/07/09 04:27:37 [notice] 1#1: exit
2023/07/09 04:27:41 [notice] 1#1: using the "epoll" event method
2023/07/09 04:27:41 [notice] 1#1: nginx/1.21.6
2023/07/09 04:27:41 [notice] 1#1: built by gcc 10.2.1 20210110 (Debian 10.2.1-6) 
2023/07/09 04:27:41 [notice] 1#1: OS: Linux 5.15.49-linuxkit-pr
2023/07/09 04:27:41 [notice] 1#1: getrlimit(RLIMIT_NOFILE): 1048576:1048576
2023/07/09 04:27:41 [notice] 1#1: start worker processes
2023/07/09 04:27:41 [notice] 1#1: start worker process 30
2023/07/09 04:27:41 [notice] 1#1: start worker process 31
2023/07/09 04:27:41 [notice] 1#1: start worker process 32
2023/07/09 04:27:41 [notice] 1#1: start worker process 33
2023/07/09 04:30:19 [notice] 1#1: signal 3 (SIGQUIT) received, shutting down
2023/07/09 04:30:19 [notice] 30#30: gracefully shutting down
2023/07/09 04:30:19 [notice] 30#30: exiting
2023/07/09 04:30:19 [notice] 32#32: gracefully shutting down
2023/07/09 04:30:19 [notice] 32#32: exiting
2023/07/09 04:30:19 [notice] 31#31: gracefully shutting down
2023/07/09 04:30:19 [notice] 31#31: exiting
2023/07/09 04:30:19 [notice] 33#33: gracefully shutting down
2023/07/09 04:30:19 [notice] 30#30: exit
2023/07/09 04:30:19 [notice] 32#32: exit
2023/07/09 04:30:19 [notice] 31#31: exit
2023/07/09 04:30:19 [notice] 33#33: exiting
2023/07/09 04:30:19 [notice] 33#33: exit
2023/07/09 04:30:19 [notice] 1#1: signal 17 (SIGCHLD) received from 30
2023/07/09 04:30:19 [notice] 1#1: worker process 30 exited with code 0
2023/07/09 04:30:19 [notice] 1#1: signal 29 (SIGIO) received
2023/07/09 04:30:19 [notice] 1#1: signal 17 (SIGCHLD) received from 31
2023/07/09 04:30:19 [notice] 1#1: worker process 31 exited with code 0
2023/07/09 04:30:19 [notice] 1#1: signal 29 (SIGIO) received
2023/07/09 04:30:19 [notice] 1#1: signal 17 (SIGCHLD) received from 32
2023/07/09 04:30:19 [notice] 1#1: worker process 32 exited with code 0
2023/07/09 04:30:19 [notice] 1#1: worker process 33 exited with code 0
2023/07/09 04:30:19 [notice] 1#1: exit
2023/07/09 04:31:26 [notice] 1#1: using the "epoll" event method
2023/07/09 04:31:26 [notice] 1#1: nginx/1.21.6
2023/07/09 04:31:26 [notice] 1#1: built by gcc 10.2.1 20210110 (Debian 10.2.1-6) 
2023/07/09 04:31:26 [notice] 1#1: OS: Linux 5.15.49-linuxkit-pr
2023/07/09 04:31:26 [notice] 1#1: getrlimit(RLIMIT_NOFILE): 1048576:1048576
2023/07/09 04:31:26 [notice] 1#1: start worker processes
2023/07/09 04:31:26 [notice] 1#1: start worker process 30
2023/07/09 04:31:26 [notice] 1#1: start worker process 31
2023/07/09 04:31:26 [notice] 1#1: start worker process 32
2023/07/09 04:31:26 [notice] 1#1: start worker process 33
2023/07/09 04:38:37 [notice] 1#1: signal 3 (SIGQUIT) received, shutting down
2023/07/09 04:38:37 [notice] 31#31: gracefully shutting down
2023/07/09 04:38:37 [notice] 31#31: exiting
2023/07/09 04:38:37 [notice] 30#30: gracefully shutting down
2023/07/09 04:38:37 [notice] 30#30: exiting
2023/07/09 04:38:37 [notice] 32#32: gracefully shutting down
2023/07/09 04:38:37 [notice] 32#32: exiting
2023/07/09 04:38:37 [notice] 33#33: gracefully shutting down
2023/07/09 04:38:37 [notice] 31#31: exit
2023/07/09 04:38:37 [notice] 30#30: exit
2023/07/09 04:38:37 [notice] 32#32: exit
2023/07/09 04:38:37 [notice] 33#33: exiting
2023/07/09 04:38:37 [notice] 33#33: exit
2023/07/09 04:38:37 [notice] 1#1: signal 17 (SIGCHLD) received from 31
2023/07/09 04:38:37 [notice] 1#1: worker process 31 exited with code 0
2023/07/09 04:38:37 [notice] 1#1: signal 29 (SIGIO) received
2023/07/09 04:38:37 [notice] 1#1: signal 17 (SIGCHLD) received from 30
2023/07/09 04:38:37 [notice] 1#1: worker process 30 exited with code 0
2023/07/09 04:38:37 [notice] 1#1: worker process 32 exited with code 0
2023/07/09 04:38:37 [notice] 1#1: worker process 33 exited with code 0
2023/07/09 04:38:37 [notice] 1#1: exit
2023/07/09 04:52:38 [notice] 1#1: using the "epoll" event method
2023/07/09 04:52:38 [notice] 1#1: nginx/1.21.6
2023/07/09 04:52:38 [notice] 1#1: built by gcc 10.2.1 20210110 (Debian 10.2.1-6) 
2023/07/09 04:52:38 [notice] 1#1: OS: Linux 5.15.49-linuxkit-pr
2023/07/09 04:52:38 [notice] 1#1: getrlimit(RLIMIT_NOFILE): 1048576:1048576
2023/07/09 04:52:38 [notice] 1#1: start worker processes
2023/07/09 04:52:38 [notice] 1#1: start worker process 30
2023/07/09 04:52:38 [notice] 1#1: start worker process 31
2023/07/09 04:52:38 [notice] 1#1: start worker process 32
2023/07/09 04:52:38 [notice] 1#1: start worker process 33
2023/07/09 04:56:01 [notice] 1#1: signal 3 (SIGQUIT) received, shutting down
2023/07/09 04:56:01 [notice] 31#31: gracefully shutting down
2023/07/09 04:56:01 [notice] 31#31: exiting
2023/07/09 04:56:01 [notice] 30#30: gracefully shutting down
2023/07/09 04:56:01 [notice] 33#33: gracefully shutting down
2023/07/09 04:56:01 [notice] 33#33: exiting
2023/07/09 04:56:01 [notice] 32#32: gracefully shutting down
2023/07/09 04:56:01 [notice] 31#31: exit
2023/07/09 04:56:01 [notice] 30#30: exiting
2023/07/09 04:56:01 [notice] 30#30: exit
2023/07/09 04:56:01 [notice] 33#33: exit
2023/07/09 04:56:01 [notice] 32#32: exiting
2023/07/09 04:56:01 [notice] 32#32: exit
2023/07/09 04:56:01 [notice] 1#1: signal 17 (SIGCHLD) received from 31
2023/07/09 04:56:01 [notice] 1#1: worker process 31 exited with code 0
2023/07/09 04:56:01 [notice] 1#1: signal 29 (SIGIO) received
2023/07/09 04:56:01 [notice] 1#1: signal 17 (SIGCHLD) received from 30
2023/07/09 04:56:01 [notice] 1#1: worker process 30 exited with code 0
2023/07/09 04:56:01 [notice] 1#1: signal 29 (SIGIO) received
2023/07/09 04:56:01 [notice] 1#1: signal 17 (SIGCHLD) received from 33
2023/07/09 04:56:01 [notice] 1#1: worker process 32 exited with code 0
2023/07/09 04:56:01 [notice] 1#1: worker process 33 exited with code 0
2023/07/09 04:56:01 [notice] 1#1: exit
2023/07/09 04:56:07 [notice] 1#1: using the "epoll" event method
2023/07/09 04:56:07 [notice] 1#1: nginx/1.21.6
2023/07/09 04:56:07 [notice] 1#1: built by gcc 10.2.1 20210110 (Debian 10.2.1-6) 
2023/07/09 04:56:07 [notice] 1#1: OS: Linux 5.15.49-linuxkit-pr
2023/07/09 04:56:07 [notice] 1#1: getrlimit(RLIMIT_NOFILE): 1048576:1048576
2023/07/09 04:56:07 [notice] 1#1: start worker processes
2023/07/09 04:56:07 [notice] 1#1: start worker process 30
2023/07/09 04:56:07 [notice] 1#1: start worker process 31
2023/07/09 04:56:07 [notice] 1#1: start worker process 32
2023/07/09 04:56:07 [notice] 1#1: start worker process 33
2023/07/09 04:58:20 [notice] 1#1: signal 3 (SIGQUIT) received, shutting down
2023/07/09 04:58:20 [notice] 32#32: gracefully shutting down
2023/07/09 04:58:20 [notice] 32#32: exiting
2023/07/09 04:58:20 [notice] 33#33: gracefully shutting down
2023/07/09 04:58:20 [notice] 30#30: gracefully shutting down
2023/07/09 04:58:20 [notice] 31#31: gracefully shutting down
2023/07/09 04:58:20 [notice] 31#31: exiting
2023/07/09 04:58:20 [notice] 32#32: exit
2023/07/09 04:58:20 [notice] 33#33: exiting
2023/07/09 04:58:20 [notice] 30#30: exiting
2023/07/09 04:58:20 [notice] 31#31: exit
2023/07/09 04:58:20 [notice] 33#33: exit
2023/07/09 04:58:20 [notice] 30#30: exit
2023/07/09 04:58:20 [notice] 1#1: signal 17 (SIGCHLD) received from 32
2023/07/09 04:58:20 [notice] 1#1: worker process 32 exited with code 0
2023/07/09 04:58:20 [notice] 1#1: signal 29 (SIGIO) received
2023/07/09 04:58:20 [notice] 1#1: signal 17 (SIGCHLD) received from 31
2023/07/09 04:58:20 [notice] 1#1: worker process 31 exited with code 0
2023/07/09 04:58:20 [notice] 1#1: signal 29 (SIGIO) received
2023/07/09 04:58:20 [notice] 1#1: signal 17 (SIGCHLD) received from 33
2023/07/09 04:58:20 [notice] 1#1: worker process 30 exited with code 0
2023/07/09 04:58:20 [notice] 1#1: worker process 33 exited with code 0
2023/07/09 04:58:20 [notice] 1#1: exit
2023/07/09 04:58:25 [notice] 1#1: using the "epoll" event method
2023/07/09 04:58:25 [notice] 1#1: nginx/1.21.6
2023/07/09 04:58:25 [notice] 1#1: built by gcc 10.2.1 20210110 (Debian 10.2.1-6) 
2023/07/09 04:58:25 [notice] 1#1: OS: Linux 5.15.49-linuxkit-pr
2023/07/09 04:58:25 [notice] 1#1: getrlimit(RLIMIT_NOFILE): 1048576:1048576
2023/07/09 04:58:25 [notice] 1#1: start worker processes
2023/07/09 04:58:25 [notice] 1#1: start worker process 30
2023/07/09 04:58:25 [notice] 1#1: start worker process 31
2023/07/09 04:58:25 [notice] 1#1: start worker process 32
2023/07/09 04:58:25 [notice] 1#1: start worker process 33
2023/07/09 05:00:10 [notice] 1#1: signal 3 (SIGQUIT) received, shutting down
2023/07/09 05:00:10 [notice] 30#30: gracefully shutting down
2023/07/09 05:00:10 [notice] 30#30: exiting
2023/07/09 05:00:10 [notice] 31#31: gracefully shutting down
2023/07/09 05:00:10 [notice] 31#31: exiting
2023/07/09 05:00:10 [notice] 32#32: gracefully shutting down
2023/07/09 05:00:10 [notice] 33#33: gracefully shutting down
2023/07/09 05:00:10 [notice] 30#30: exit
2023/07/09 05:00:10 [notice] 31#31: exit
2023/07/09 05:00:10 [notice] 32#32: exiting
2023/07/09 05:00:10 [notice] 32#32: exit
2023/07/09 05:00:10 [notice] 33#33: exiting
2023/07/09 05:00:10 [notice] 1#1: signal 17 (SIGCHLD) received from 30
2023/07/09 05:00:10 [notice] 1#1: worker process 30 exited with code 0
2023/07/09 05:00:10 [notice] 33#33: exit
2023/07/09 05:00:10 [notice] 1#1: signal 29 (SIGIO) received
2023/07/09 05:00:10 [notice] 1#1: signal 17 (SIGCHLD) received from 31
2023/07/09 05:00:10 [notice] 1#1: worker process 31 exited with code 0
2023/07/09 05:00:10 [notice] 1#1: signal 29 (SIGIO) received
2023/07/09 05:00:10 [notice] 1#1: signal 17 (SIGCHLD) received from 32
2023/07/09 05:00:10 [notice] 1#1: worker process 32 exited with code 0
2023/07/09 05:00:10 [notice] 1#1: signal 29 (SIGIO) received
2023/07/09 05:00:10 [notice] 1#1: signal 17 (SIGCHLD) received from 33
2023/07/09 05:00:10 [notice] 1#1: worker process 33 exited with code 0
2023/07/09 05:00:10 [notice] 1#1: exit
2023/07/09 05:00:14 [notice] 1#1: using the "epoll" event method
2023/07/09 05:00:14 [notice] 1#1: nginx/1.21.6
2023/07/09 05:00:14 [notice] 1#1: built by gcc 10.2.1 20210110 (Debian 10.2.1-6) 
2023/07/09 05:00:14 [notice] 1#1: OS: Linux 5.15.49-linuxkit-pr
2023/07/09 05:00:14 [notice] 1#1: getrlimit(RLIMIT_NOFILE): 1048576:1048576
2023/07/09 05:00:14 [notice] 1#1: start worker processes
2023/07/09 05:00:14 [notice] 1#1: start worker process 30
2023/07/09 05:00:14 [notice] 1#1: start worker process 31
2023/07/09 05:00:14 [notice] 1#1: start worker process 32
2023/07/09 05:00:14 [notice] 1#1: start worker process 33
2023/07/09 05:04:42 [notice] 1#1: signal 3 (SIGQUIT) received, shutting down
2023/07/09 05:04:42 [notice] 31#31: gracefully shutting down
2023/07/09 05:04:42 [notice] 31#31: exiting
2023/07/09 05:04:42 [notice] 30#30: gracefully shutting down
2023/07/09 05:04:42 [notice] 30#30: exiting
2023/07/09 05:04:42 [notice] 32#32: gracefully shutting down
2023/07/09 05:04:42 [notice] 32#32: exiting
2023/07/09 05:04:42 [notice] 33#33: gracefully shutting down
2023/07/09 05:04:42 [notice] 31#31: exit
2023/07/09 05:04:42 [notice] 30#30: exit
2023/07/09 05:04:42 [notice] 32#32: exit
2023/07/09 05:04:42 [notice] 33#33: exiting
2023/07/09 05:04:42 [notice] 33#33: exit
2023/07/09 05:04:42 [notice] 1#1: signal 17 (SIGCHLD) received from 30
2023/07/09 05:04:42 [notice] 1#1: worker process 30 exited with code 0
2023/07/09 05:04:42 [notice] 1#1: signal 29 (SIGIO) received
2023/07/09 05:04:42 [notice] 1#1: signal 17 (SIGCHLD) received from 31
2023/07/09 05:04:42 [notice] 1#1: worker process 31 exited with code 0
2023/07/09 05:04:42 [notice] 1#1: worker process 32 exited with code 0
2023/07/09 05:04:42 [notice] 1#1: worker process 33 exited with code 0
2023/07/09 05:04:42 [notice] 1#1: exit
2023/07/09 05:04:47 [notice] 1#1: using the "epoll" event method
2023/07/09 05:04:47 [notice] 1#1: nginx/1.21.6
2023/07/09 05:04:47 [notice] 1#1: built by gcc 10.2.1 20210110 (Debian 10.2.1-6) 
2023/07/09 05:04:47 [notice] 1#1: OS: Linux 5.15.49-linuxkit-pr
2023/07/09 05:04:47 [notice] 1#1: getrlimit(RLIMIT_NOFILE): 1048576:1048576
2023/07/09 05:04:47 [notice] 1#1: start worker processes
2023/07/09 05:04:47 [notice] 1#1: start worker process 30
2023/07/09 05:04:47 [notice] 1#1: start worker process 31
2023/07/09 05:04:47 [notice] 1#1: start worker process 32
2023/07/09 05:04:47 [notice] 1#1: start worker process 33
2023/07/09 05:06:14 [notice] 1#1: signal 3 (SIGQUIT) received, shutting down
2023/07/09 05:06:14 [notice] 31#31: gracefully shutting down
2023/07/09 05:06:14 [notice] 31#31: exiting
2023/07/09 05:06:14 [notice] 32#32: gracefully shutting down
2023/07/09 05:06:14 [notice] 32#32: exiting
2023/07/09 05:06:14 [notice] 33#33: gracefully shutting down
2023/07/09 05:06:14 [notice] 33#33: exiting
2023/07/09 05:06:14 [notice] 30#30: gracefully shutting down
2023/07/09 05:06:14 [notice] 30#30: exiting
2023/07/09 05:06:14 [notice] 31#31: exit
2023/07/09 05:06:14 [notice] 32#32: exit
2023/07/09 05:06:14 [notice] 33#33: exit
2023/07/09 05:06:14 [notice] 30#30: exit
2023/07/09 05:06:14 [notice] 1#1: signal 17 (SIGCHLD) received from 30
2023/07/09 05:06:14 [notice] 1#1: worker process 30 exited with code 0
2023/07/09 05:06:14 [notice] 1#1: worker process 31 exited with code 0
2023/07/09 05:06:14 [notice] 1#1: signal 29 (SIGIO) received
2023/07/09 05:06:14 [notice] 1#1: signal 17 (SIGCHLD) received from 33
2023/07/09 05:06:14 [notice] 1#1: worker process 32 exited with code 0
2023/07/09 05:06:14 [notice] 1#1: worker process 33 exited with code 0
2023/07/09 05:06:14 [notice] 1#1: exit
2023/07/09 05:06:32 [notice] 1#1: using the "epoll" event method
2023/07/09 05:06:32 [notice] 1#1: nginx/1.21.6
2023/07/09 05:06:32 [notice] 1#1: built by gcc 10.2.1 20210110 (Debian 10.2.1-6) 
2023/07/09 05:06:32 [notice] 1#1: OS: Linux 5.15.49-linuxkit-pr
2023/07/09 05:06:32 [notice] 1#1: getrlimit(RLIMIT_NOFILE): 1048576:1048576
2023/07/09 05:06:32 [notice] 1#1: start worker processes
2023/07/09 05:06:32 [notice] 1#1: start worker process 30
2023/07/09 05:06:32 [notice] 1#1: start worker process 31
2023/07/09 05:06:32 [notice] 1#1: start worker process 32
2023/07/09 05:06:32 [notice] 1#1: start worker process 33
2023/07/09 05:10:00 [notice] 1#1: signal 3 (SIGQUIT) received, shutting down
2023/07/09 05:10:00 [notice] 32#32: gracefully shutting down
2023/07/09 05:10:00 [notice] 32#32: exiting
2023/07/09 05:10:00 [notice] 30#30: gracefully shutting down
2023/07/09 05:10:00 [notice] 30#30: exiting
2023/07/09 05:10:00 [notice] 33#33: gracefully shutting down
2023/07/09 05:10:00 [notice] 31#31: gracefully shutting down
2023/07/09 05:10:00 [notice] 32#32: exit
2023/07/09 05:10:00 [notice] 30#30: exit
2023/07/09 05:10:00 [notice] 33#33: exiting
2023/07/09 05:10:00 [notice] 31#31: exiting
2023/07/09 05:10:00 [notice] 31#31: exit
2023/07/09 05:10:00 [notice] 33#33: exit
2023/07/09 05:10:00 [notice] 1#1: signal 17 (SIGCHLD) received from 32
2023/07/09 05:10:00 [notice] 1#1: worker process 32 exited with code 0
2023/07/09 05:10:00 [notice] 1#1: signal 29 (SIGIO) received
2023/07/09 05:10:00 [notice] 1#1: signal 17 (SIGCHLD) received from 30
2023/07/09 05:10:00 [notice] 1#1: worker process 30 exited with code 0
2023/07/09 05:10:00 [notice] 1#1: signal 29 (SIGIO) received
2023/07/09 05:10:00 [notice] 1#1: signal 17 (SIGCHLD) received from 31
2023/07/09 05:10:00 [notice] 1#1: worker process 31 exited with code 0
2023/07/09 05:10:00 [notice] 1#1: signal 29 (SIGIO) received
2023/07/09 05:10:00 [notice] 1#1: signal 17 (SIGCHLD) received from 33
2023/07/09 05:10:00 [notice] 1#1: worker process 33 exited with code 0
2023/07/09 05:10:00 [notice] 1#1: exit
2023/07/09 05:10:05 [notice] 1#1: using the "epoll" event method
2023/07/09 05:10:05 [notice] 1#1: nginx/1.21.6
2023/07/09 05:10:05 [notice] 1#1: built by gcc 10.2.1 20210110 (Debian 10.2.1-6) 
2023/07/09 05:10:05 [notice] 1#1: OS: Linux 5.15.49-linuxkit-pr
2023/07/09 05:10:05 [notice] 1#1: getrlimit(RLIMIT_NOFILE): 1048576:1048576
2023/07/09 05:10:05 [notice] 1#1: start worker processes
2023/07/09 05:10:05 [notice] 1#1: start worker process 29
2023/07/09 05:10:05 [notice] 1#1: start worker process 30
2023/07/09 05:10:05 [notice] 1#1: start worker process 31
2023/07/09 05:10:05 [notice] 1#1: start worker process 32
2023/07/09 05:11:47 [notice] 1#1: signal 3 (SIGQUIT) received, shutting down
2023/07/09 05:11:47 [notice] 29#29: gracefully shutting down
2023/07/09 05:11:47 [notice] 31#31: gracefully shutting down
2023/07/09 05:11:47 [notice] 31#31: exiting
2023/07/09 05:11:47 [notice] 30#30: gracefully shutting down
2023/07/09 05:11:47 [notice] 30#30: exiting
2023/07/09 05:11:47 [notice] 32#32: gracefully shutting down
2023/07/09 05:11:47 [notice] 29#29: exiting
2023/07/09 05:11:47 [notice] 29#29: exit
2023/07/09 05:11:47 [notice] 31#31: exit
2023/07/09 05:11:47 [notice] 30#30: exit
2023/07/09 05:11:47 [notice] 32#32: exiting
2023/07/09 05:11:47 [notice] 32#32: exit
2023/07/09 05:11:47 [notice] 1#1: signal 17 (SIGCHLD) received from 29
2023/07/09 05:11:47 [notice] 1#1: worker process 29 exited with code 0
2023/07/09 05:11:47 [notice] 1#1: signal 29 (SIGIO) received
2023/07/09 05:11:47 [notice] 1#1: signal 17 (SIGCHLD) received from 31
2023/07/09 05:11:47 [notice] 1#1: worker process 31 exited with code 0
2023/07/09 05:11:47 [notice] 1#1: signal 29 (SIGIO) received
2023/07/09 05:11:47 [notice] 1#1: signal 17 (SIGCHLD) received from 32
2023/07/09 05:11:47 [notice] 1#1: worker process 30 exited with code 0
2023/07/09 05:11:47 [notice] 1#1: worker process 32 exited with code 0
2023/07/09 05:11:47 [notice] 1#1: exit
2023/07/09 05:11:53 [notice] 1#1: using the "epoll" event method
2023/07/09 05:11:53 [notice] 1#1: nginx/1.21.6
2023/07/09 05:11:53 [notice] 1#1: built by gcc 10.2.1 20210110 (Debian 10.2.1-6) 
2023/07/09 05:11:53 [notice] 1#1: OS: Linux 5.15.49-linuxkit-pr
2023/07/09 05:11:53 [notice] 1#1: getrlimit(RLIMIT_NOFILE): 1048576:1048576
2023/07/09 05:11:53 [notice] 1#1: start worker processes
2023/07/09 05:11:53 [notice] 1#1: start worker process 30
2023/07/09 05:11:53 [notice] 1#1: start worker process 31
2023/07/09 05:11:53 [notice] 1#1: start worker process 32
2023/07/09 05:11:53 [notice] 1#1: start worker process 33
2023/07/09 05:16:30 [notice] 1#1: signal 3 (SIGQUIT) received, shutting down
2023/07/09 05:16:30 [notice] 31#31: gracefully shutting down
2023/07/09 05:16:30 [notice] 32#32: gracefully shutting down
2023/07/09 05:16:30 [notice] 33#33: gracefully shutting down
2023/07/09 05:16:30 [notice] 33#33: exiting
2023/07/09 05:16:30 [notice] 30#30: gracefully shutting down
2023/07/09 05:16:30 [notice] 30#30: exiting
2023/07/09 05:16:30 [notice] 31#31: exiting
2023/07/09 05:16:30 [notice] 31#31: exit
2023/07/09 05:16:30 [notice] 32#32: exiting
2023/07/09 05:16:30 [notice] 32#32: exit
2023/07/09 05:16:30 [notice] 33#33: exit
2023/07/09 05:16:30 [notice] 30#30: exit
2023/07/09 05:16:30 [notice] 1#1: signal 17 (SIGCHLD) received from 31
2023/07/09 05:16:30 [notice] 1#1: worker process 31 exited with code 0
2023/07/09 05:16:30 [notice] 1#1: signal 29 (SIGIO) received
2023/07/09 05:16:30 [notice] 1#1: signal 17 (SIGCHLD) received from 33
2023/07/09 05:16:30 [notice] 1#1: worker process 33 exited with code 0
2023/07/09 05:16:30 [notice] 1#1: signal 29 (SIGIO) received
2023/07/09 05:16:30 [notice] 1#1: signal 17 (SIGCHLD) received from 30
2023/07/09 05:16:30 [notice] 1#1: worker process 30 exited with code 0
2023/07/09 05:16:30 [notice] 1#1: signal 17 (SIGCHLD) received from 32
2023/07/09 05:16:30 [notice] 1#1: worker process 32 exited with code 0
2023/07/09 05:16:30 [notice] 1#1: exit
2023/07/09 05:16:41 [notice] 1#1: using the "epoll" event method
2023/07/09 05:16:41 [notice] 1#1: nginx/1.21.6
2023/07/09 05:16:41 [notice] 1#1: built by gcc 10.2.1 20210110 (Debian 10.2.1-6) 
2023/07/09 05:16:41 [notice] 1#1: OS: Linux 5.15.49-linuxkit-pr
2023/07/09 05:16:41 [notice] 1#1: getrlimit(RLIMIT_NOFILE): 1048576:1048576
2023/07/09 05:16:41 [notice] 1#1: start worker processes
2023/07/09 05:16:41 [notice] 1#1: start worker process 30
2023/07/09 05:16:41 [notice] 1#1: start worker process 31
2023/07/09 05:16:41 [notice] 1#1: start worker process 32
2023/07/09 05:16:41 [notice] 1#1: start worker process 33
2023/07/09 05:35:24 [notice] 1#1: signal 3 (SIGQUIT) received, shutting down
2023/07/09 05:35:24 [notice] 33#33: gracefully shutting down
2023/07/09 05:35:24 [notice] 33#33: exiting
2023/07/09 05:35:24 [notice] 30#30: gracefully shutting down
2023/07/09 05:35:24 [notice] 32#32: gracefully shutting down
2023/07/09 05:35:24 [notice] 31#31: gracefully shutting down
2023/07/09 05:35:24 [notice] 31#31: exiting
2023/07/09 05:35:24 [notice] 33#33: exit
2023/07/09 05:35:24 [notice] 30#30: exiting
2023/07/09 05:35:24 [notice] 30#30: exit
2023/07/09 05:35:24 [notice] 32#32: exiting
2023/07/09 05:35:24 [notice] 32#32: exit
2023/07/09 05:35:24 [notice] 31#31: exit
2023/07/09 05:35:24 [notice] 1#1: signal 17 (SIGCHLD) received from 33
2023/07/09 05:35:24 [notice] 1#1: worker process 33 exited with code 0
2023/07/09 05:35:24 [notice] 1#1: signal 29 (SIGIO) received
2023/07/09 05:35:24 [notice] 1#1: signal 17 (SIGCHLD) received from 30
2023/07/09 05:35:24 [notice] 1#1: worker process 30 exited with code 0
2023/07/09 05:35:24 [notice] 1#1: signal 29 (SIGIO) received
2023/07/09 05:35:24 [notice] 1#1: signal 17 (SIGCHLD) received from 31
2023/07/09 05:35:24 [notice] 1#1: worker process 31 exited with code 0
2023/07/09 05:35:24 [notice] 1#1: signal 29 (SIGIO) received
2023/07/09 05:35:24 [notice] 1#1: signal 17 (SIGCHLD) received from 32
2023/07/09 05:35:24 [notice] 1#1: worker process 32 exited with code 0
2023/07/09 05:35:24 [notice] 1#1: exit
2023/07/09 05:39:20 [notice] 1#1: using the "epoll" event method
2023/07/09 05:39:20 [notice] 1#1: nginx/1.21.6
2023/07/09 05:39:20 [notice] 1#1: built by gcc 10.2.1 20210110 (Debian 10.2.1-6) 
2023/07/09 05:39:20 [notice] 1#1: OS: Linux 5.15.49-linuxkit-pr
2023/07/09 05:39:20 [notice] 1#1: getrlimit(RLIMIT_NOFILE): 1048576:1048576
2023/07/09 05:39:20 [notice] 1#1: start worker processes
2023/07/09 05:39:20 [notice] 1#1: start worker process 30
2023/07/09 05:39:20 [notice] 1#1: start worker process 31
2023/07/09 05:39:20 [notice] 1#1: start worker process 32
2023/07/09 05:39:20 [notice] 1#1: start worker process 33
2023/07/09 05:45:09 [notice] 1#1: signal 3 (SIGQUIT) received, shutting down
2023/07/09 05:45:09 [notice] 31#31: gracefully shutting down
2023/07/09 05:45:09 [notice] 31#31: exiting
2023/07/09 05:45:09 [notice] 30#30: gracefully shutting down
2023/07/09 05:45:09 [notice] 30#30: exiting
2023/07/09 05:45:09 [notice] 33#33: gracefully shutting down
2023/07/09 05:45:09 [notice] 33#33: exiting
2023/07/09 05:45:09 [notice] 32#32: gracefully shutting down
2023/07/09 05:45:09 [notice] 31#31: exit
2023/07/09 05:45:09 [notice] 30#30: exit
2023/07/09 05:45:09 [notice] 33#33: exit
2023/07/09 05:45:09 [notice] 32#32: exiting
2023/07/09 05:45:09 [notice] 32#32: exit
2023/07/09 05:45:10 [notice] 1#1: signal 17 (SIGCHLD) received from 31
2023/07/09 05:45:10 [notice] 1#1: worker process 31 exited with code 0
2023/07/09 05:45:10 [notice] 1#1: signal 29 (SIGIO) received
2023/07/09 05:45:10 [notice] 1#1: signal 17 (SIGCHLD) received from 30
2023/07/09 05:45:10 [notice] 1#1: worker process 30 exited with code 0
2023/07/09 05:45:10 [notice] 1#1: signal 29 (SIGIO) received
2023/07/09 05:45:10 [notice] 1#1: signal 17 (SIGCHLD) received from 33
2023/07/09 05:45:10 [notice] 1#1: worker process 32 exited with code 0
2023/07/09 05:45:10 [notice] 1#1: worker process 33 exited with code 0
2023/07/09 05:45:10 [notice] 1#1: signal 17 (SIGCHLD) received from 32
2023/07/09 05:45:10 [notice] 1#1: exit
2023/07/09 05:57:29 [emerg] 1#1: unknown "framework" variable
2023/07/09 05:59:00 [emerg] 1#1: unknown "framework" variable
2023/07/09 05:59:32 [emerg] 1#1: unknown "framework" variable
2023/07/09 06:04:05 [emerg] 1#1: unknown "framework" variable
2023/07/09 06:05:37 [emerg] 1#1: unknown "framework" variable
